<?xml version='1.0' encoding='UTF-8'?>
<!--
  ~ JBoss, Home of Professional Open Source.
  ~ Copyright 2012, Red Hat, Inc., and individual contributors
  ~ as indicated by the @author tags. See the copyright.txt file in the
  ~ distribution for a full listing of individual contributors.
  ~
  ~ This is free software; you can redistribute it and/or modify it
  ~ under the terms of the GNU Lesser General Public License as
  ~ published by the Free Software Foundation; either version 2.1 of
  ~ the License, or (at your option) any later version.
  ~
  ~ This software is distributed in the hope that it will be useful,
  ~ but WITHOUT ANY WARRANTY; without even the implied warranty of
  ~ MERCHANTABILITY or FITNESS FOR A PARTICULAR PURPOSE. See the GNU
  ~ Lesser General Public License for more details.
  ~
  ~ You should have received a copy of the GNU Lesser General Public
  ~ License along with this software; if not, write to the Free
  ~ Software Foundation, Inc., 51 Franklin St, Fifth Floor, Boston, MA
  ~ 02110-1301 USA, or see the FSF site: http://www.fsf.org.
  -->

<patch-config xmlns="urn:jboss:patch-config:1.0">

    <name>patch-12345</name>
    <description>patch description</description>
    <one-off name="" applies-to-version="1.2.3" />

    <element patch-id="12345" >

        <one-off name="base" />
        <description>patch description</description>
        <specified-content>
            <modules>
                <added name="org.jboss.as.test" />
                <added name="org.jboss.as.test" slot="prod"/>
                <updated name="org.jboss.as.test2"/>
                <updated name="org.jboss.as.test2" slot="prod"/>
                <removed name="org.jboss.as.test3" />
                <removed name="org.jboss.as.test3" slot="prod"/>
            </modules>

            <bundles>
                <added name="org.jboss.as.test"/>
                <added name="org.jboss.as.test" slot="prod" />
                <updated name="org.jboss.as.test2" />
                <updated name="org.jboss.as.test2" slot="prod"/>
                <removed name="org.jboss.as.test3" />
                <removed name="org.jboss.as.test3" slot="prod"/>
            </bundles>
        </specified-content>

    </element>

    <specified-content>

        <misc-files>
            <added path="test/file" />
            <added path="test/file2" directory="true" />
            <updated path="test/file3" in-runtime-use="true" />
            <updated path="test/file4" directory="true" />
            <removed path="test/file5" in-runtime-use="true" />
            <removed path="test/file6" directory="true" />
        </misc-files>

    </specified-content>

</patch-config>
