<?xml version="1.0" encoding="UTF-8"?>
<server>
	<mbean code="example.Test"
		name="example:name=Test">
	</mbean>
</server>
